2025-08-20 17:44:56 [ERROR]: Error loading command remind.ts: Cannot find module 'date-fns'
Require stack:
- /home/runner/workspace/src/commands/utility/remind.ts {
  "code": "MODULE_NOT_FOUND",
  "requireStack": [
    "/home/runner/workspace/src/commands/utility/remind.ts"
  ],
  "stack": "Error: Cannot find module 'date-fns'\nRequire stack:\n- /home/runner/workspace/src/commands/utility/remind.ts\n    at Module._resolveFilename (node:internal/modules/cjs/loader:1212:15)\n    at nextResolveSimple (/home/runner/workspace/node_modules/tsx/dist/register-D46fvsV_.cjs:4:1004)\n    at /home/runner/workspace/node_modules/tsx/dist/register-D46fvsV_.cjs:3:2630\n    at /home/runner/workspace/node_modules/tsx/dist/register-D46fvsV_.cjs:3:1542\n    at resolveTsPaths (/home/runner/workspace/node_modules/tsx/dist/register-D46fvsV_.cjs:4:760)\n    at /home/runner/workspace/node_modules/tsx/dist/register-D46fvsV_.cjs:4:1102\n    at m._resolveFilename (file:///home/runner/workspace/node_modules/tsx/dist/register-B7jrtLTO.mjs:1:789)\n    at Module._load (node:internal/modules/cjs/loader:1043:27)\n    at Module.require (node:internal/modules/cjs/loader:1298:19)\n    at require (node:internal/modules/helpers:182:18)"
}
2025-08-20 17:45:56 [ERROR]: Error checking reminders: 
Invalid `this.prisma.reminder.findMany()` invocation in
/home/runner/workspace/src/utils/database.ts:111:39

  108 }
  109 
  110 public async getExpiredReminders() {
→ 111   return await this.prisma.reminder.findMany(
The table `main.reminders` does not exist in the current database. {
  "code": "P2021",
  "meta": {
    "modelName": "Reminder",
    "table": "main.reminders"
  },
  "clientVersion": "6.14.0",
  "name": "PrismaClientKnownRequestError",
  "stack": "PrismaClientKnownRequestError: \nInvalid `this.prisma.reminder.findMany()` invocation in\n/home/runner/workspace/src/utils/database.ts:111:39\n\n  108 }\n  109 \n  110 public async getExpiredReminders() {\n→ 111   return await this.prisma.reminder.findMany(\nThe table `main.reminders` does not exist in the current database.\n    at ei.handleRequestError (/home/runner/workspace/node_modules/@prisma/client/src/runtime/RequestHandler.ts:228:13)\n    at ei.handleAndLogRequestError (/home/runner/workspace/node_modules/@prisma/client/src/runtime/RequestHandler.ts:174:12)\n    at ei.request (/home/runner/workspace/node_modules/@prisma/client/src/runtime/RequestHandler.ts:143:12)\n    at async a (/home/runner/workspace/node_modules/@prisma/client/src/runtime/getPrismaClient.ts:833:24)\n    at async DatabaseManager.getExpiredReminders (/home/runner/workspace/src/utils/database.ts:111:12)\n    at async checkReminders (/home/runner/workspace/src/services/reminderService.ts:8:30)\n    at async Timeout._onTimeout (/home/runner/workspace/src/events/ready.ts:16:9)"
}
2025-08-20 17:46:56 [ERROR]: Error checking reminders: 
Invalid `this.prisma.reminder.findMany()` invocation in
/home/runner/workspace/src/utils/database.ts:111:39

  108 }
  109 
  110 public async getExpiredReminders() {
→ 111   return await this.prisma.reminder.findMany(
The table `main.reminders` does not exist in the current database. {
  "code": "P2021",
  "meta": {
    "modelName": "Reminder",
    "table": "main.reminders"
  },
  "clientVersion": "6.14.0",
  "name": "PrismaClientKnownRequestError",
  "stack": "PrismaClientKnownRequestError: \nInvalid `this.prisma.reminder.findMany()` invocation in\n/home/runner/workspace/src/utils/database.ts:111:39\n\n  108 }\n  109 \n  110 public async getExpiredReminders() {\n→ 111   return await this.prisma.reminder.findMany(\nThe table `main.reminders` does not exist in the current database.\n    at ei.handleRequestError (/home/runner/workspace/node_modules/@prisma/client/src/runtime/RequestHandler.ts:228:13)\n    at ei.handleAndLogRequestError (/home/runner/workspace/node_modules/@prisma/client/src/runtime/RequestHandler.ts:174:12)\n    at ei.request (/home/runner/workspace/node_modules/@prisma/client/src/runtime/RequestHandler.ts:143:12)\n    at async a (/home/runner/workspace/node_modules/@prisma/client/src/runtime/getPrismaClient.ts:833:24)\n    at async DatabaseManager.getExpiredReminders (/home/runner/workspace/src/utils/database.ts:111:12)\n    at async checkReminders (/home/runner/workspace/src/services/reminderService.ts:8:30)\n    at async Timeout._onTimeout (/home/runner/workspace/src/events/ready.ts:16:9)"
}
2025-08-20 17:47:56 [ERROR]: Error checking reminders: 
Invalid `this.prisma.reminder.findMany()` invocation in
/home/runner/workspace/src/utils/database.ts:111:39

  108 }
  109 
  110 public async getExpiredReminders() {
→ 111   return await this.prisma.reminder.findMany(
The table `main.reminders` does not exist in the current database. {
  "code": "P2021",
  "meta": {
    "modelName": "Reminder",
    "table": "main.reminders"
  },
  "clientVersion": "6.14.0",
  "name": "PrismaClientKnownRequestError",
  "stack": "PrismaClientKnownRequestError: \nInvalid `this.prisma.reminder.findMany()` invocation in\n/home/runner/workspace/src/utils/database.ts:111:39\n\n  108 }\n  109 \n  110 public async getExpiredReminders() {\n→ 111   return await this.prisma.reminder.findMany(\nThe table `main.reminders` does not exist in the current database.\n    at ei.handleRequestError (/home/runner/workspace/node_modules/@prisma/client/src/runtime/RequestHandler.ts:228:13)\n    at ei.handleAndLogRequestError (/home/runner/workspace/node_modules/@prisma/client/src/runtime/RequestHandler.ts:174:12)\n    at ei.request (/home/runner/workspace/node_modules/@prisma/client/src/runtime/RequestHandler.ts:143:12)\n    at async a (/home/runner/workspace/node_modules/@prisma/client/src/runtime/getPrismaClient.ts:833:24)\n    at async DatabaseManager.getExpiredReminders (/home/runner/workspace/src/utils/database.ts:111:12)\n    at async checkReminders (/home/runner/workspace/src/services/reminderService.ts:8:30)\n    at async Timeout._onTimeout (/home/runner/workspace/src/events/ready.ts:16:9)"
}
2025-08-20 17:48:56 [ERROR]: Error checking reminders: 
Invalid `this.prisma.reminder.findMany()` invocation in
/home/runner/workspace/src/utils/database.ts:111:39

  108 }
  109 
  110 public async getExpiredReminders() {
→ 111   return await this.prisma.reminder.findMany(
The table `main.reminders` does not exist in the current database. {
  "code": "P2021",
  "meta": {
    "modelName": "Reminder",
    "table": "main.reminders"
  },
  "clientVersion": "6.14.0",
  "name": "PrismaClientKnownRequestError",
  "stack": "PrismaClientKnownRequestError: \nInvalid `this.prisma.reminder.findMany()` invocation in\n/home/runner/workspace/src/utils/database.ts:111:39\n\n  108 }\n  109 \n  110 public async getExpiredReminders() {\n→ 111   return await this.prisma.reminder.findMany(\nThe table `main.reminders` does not exist in the current database.\n    at ei.handleRequestError (/home/runner/workspace/node_modules/@prisma/client/src/runtime/RequestHandler.ts:228:13)\n    at ei.handleAndLogRequestError (/home/runner/workspace/node_modules/@prisma/client/src/runtime/RequestHandler.ts:174:12)\n    at ei.request (/home/runner/workspace/node_modules/@prisma/client/src/runtime/RequestHandler.ts:143:12)\n    at async a (/home/runner/workspace/node_modules/@prisma/client/src/runtime/getPrismaClient.ts:833:24)\n    at async DatabaseManager.getExpiredReminders (/home/runner/workspace/src/utils/database.ts:111:12)\n    at async checkReminders (/home/runner/workspace/src/services/reminderService.ts:8:30)\n    at async Timeout._onTimeout (/home/runner/workspace/src/events/ready.ts:16:9)"
}
2025-08-20 17:49:56 [ERROR]: Error checking reminders: 
Invalid `this.prisma.reminder.findMany()` invocation in
/home/runner/workspace/src/utils/database.ts:111:39

  108 }
  109 
  110 public async getExpiredReminders() {
→ 111   return await this.prisma.reminder.findMany(
The table `main.reminders` does not exist in the current database. {
  "code": "P2021",
  "meta": {
    "modelName": "Reminder",
    "table": "main.reminders"
  },
  "clientVersion": "6.14.0",
  "name": "PrismaClientKnownRequestError",
  "stack": "PrismaClientKnownRequestError: \nInvalid `this.prisma.reminder.findMany()` invocation in\n/home/runner/workspace/src/utils/database.ts:111:39\n\n  108 }\n  109 \n  110 public async getExpiredReminders() {\n→ 111   return await this.prisma.reminder.findMany(\nThe table `main.reminders` does not exist in the current database.\n    at ei.handleRequestError (/home/runner/workspace/node_modules/@prisma/client/src/runtime/RequestHandler.ts:228:13)\n    at ei.handleAndLogRequestError (/home/runner/workspace/node_modules/@prisma/client/src/runtime/RequestHandler.ts:174:12)\n    at ei.request (/home/runner/workspace/node_modules/@prisma/client/src/runtime/RequestHandler.ts:143:12)\n    at async a (/home/runner/workspace/node_modules/@prisma/client/src/runtime/getPrismaClient.ts:833:24)\n    at async DatabaseManager.getExpiredReminders (/home/runner/workspace/src/utils/database.ts:111:12)\n    at async checkReminders (/home/runner/workspace/src/services/reminderService.ts:8:30)\n    at async Timeout._onTimeout (/home/runner/workspace/src/events/ready.ts:16:9)"
}
2025-08-20 17:50:56 [ERROR]: Error checking reminders: 
Invalid `this.prisma.reminder.findMany()` invocation in
/home/runner/workspace/src/utils/database.ts:111:39

  108 }
  109 
  110 public async getExpiredReminders() {
→ 111   return await this.prisma.reminder.findMany(
The table `main.reminders` does not exist in the current database. {
  "code": "P2021",
  "meta": {
    "modelName": "Reminder",
    "table": "main.reminders"
  },
  "clientVersion": "6.14.0",
  "name": "PrismaClientKnownRequestError",
  "stack": "PrismaClientKnownRequestError: \nInvalid `this.prisma.reminder.findMany()` invocation in\n/home/runner/workspace/src/utils/database.ts:111:39\n\n  108 }\n  109 \n  110 public async getExpiredReminders() {\n→ 111   return await this.prisma.reminder.findMany(\nThe table `main.reminders` does not exist in the current database.\n    at ei.handleRequestError (/home/runner/workspace/node_modules/@prisma/client/src/runtime/RequestHandler.ts:228:13)\n    at ei.handleAndLogRequestError (/home/runner/workspace/node_modules/@prisma/client/src/runtime/RequestHandler.ts:174:12)\n    at ei.request (/home/runner/workspace/node_modules/@prisma/client/src/runtime/RequestHandler.ts:143:12)\n    at async a (/home/runner/workspace/node_modules/@prisma/client/src/runtime/getPrismaClient.ts:833:24)\n    at async DatabaseManager.getExpiredReminders (/home/runner/workspace/src/utils/database.ts:111:12)\n    at async checkReminders (/home/runner/workspace/src/services/reminderService.ts:8:30)\n    at async Timeout._onTimeout (/home/runner/workspace/src/events/ready.ts:16:9)"
}
2025-08-20 17:51:56 [ERROR]: Error checking reminders: 
Invalid `this.prisma.reminder.findMany()` invocation in
/home/runner/workspace/src/utils/database.ts:111:39

  108 }
  109 
  110 public async getExpiredReminders() {
→ 111   return await this.prisma.reminder.findMany(
The table `main.reminders` does not exist in the current database. {
  "code": "P2021",
  "meta": {
    "modelName": "Reminder",
    "table": "main.reminders"
  },
  "clientVersion": "6.14.0",
  "name": "PrismaClientKnownRequestError",
  "stack": "PrismaClientKnownRequestError: \nInvalid `this.prisma.reminder.findMany()` invocation in\n/home/runner/workspace/src/utils/database.ts:111:39\n\n  108 }\n  109 \n  110 public async getExpiredReminders() {\n→ 111   return await this.prisma.reminder.findMany(\nThe table `main.reminders` does not exist in the current database.\n    at ei.handleRequestError (/home/runner/workspace/node_modules/@prisma/client/src/runtime/RequestHandler.ts:228:13)\n    at ei.handleAndLogRequestError (/home/runner/workspace/node_modules/@prisma/client/src/runtime/RequestHandler.ts:174:12)\n    at ei.request (/home/runner/workspace/node_modules/@prisma/client/src/runtime/RequestHandler.ts:143:12)\n    at async a (/home/runner/workspace/node_modules/@prisma/client/src/runtime/getPrismaClient.ts:833:24)\n    at async DatabaseManager.getExpiredReminders (/home/runner/workspace/src/utils/database.ts:111:12)\n    at async checkReminders (/home/runner/workspace/src/services/reminderService.ts:8:30)\n    at async Timeout._onTimeout (/home/runner/workspace/src/events/ready.ts:16:9)"
}
2025-08-20 17:55:37 [ERROR]: Error loading command remind.ts: Cannot find module 'date-fns'
Require stack:
- /home/runner/workspace/src/commands/utility/remind.ts {
  "code": "MODULE_NOT_FOUND",
  "requireStack": [
    "/home/runner/workspace/src/commands/utility/remind.ts"
  ],
  "stack": "Error: Cannot find module 'date-fns'\nRequire stack:\n- /home/runner/workspace/src/commands/utility/remind.ts\n    at Module._resolveFilename (node:internal/modules/cjs/loader:1212:15)\n    at nextResolveSimple (/home/runner/workspace/node_modules/tsx/dist/register-D46fvsV_.cjs:4:1004)\n    at /home/runner/workspace/node_modules/tsx/dist/register-D46fvsV_.cjs:3:2630\n    at /home/runner/workspace/node_modules/tsx/dist/register-D46fvsV_.cjs:3:1542\n    at resolveTsPaths (/home/runner/workspace/node_modules/tsx/dist/register-D46fvsV_.cjs:4:760)\n    at /home/runner/workspace/node_modules/tsx/dist/register-D46fvsV_.cjs:4:1102\n    at m._resolveFilename (file:///home/runner/workspace/node_modules/tsx/dist/register-B7jrtLTO.mjs:1:789)\n    at Module._load (node:internal/modules/cjs/loader:1043:27)\n    at Module.require (node:internal/modules/cjs/loader:1298:19)\n    at require (node:internal/modules/helpers:182:18)"
}
2025-08-20 17:56:37 [ERROR]: Error checking reminders: 
Invalid `this.prisma.reminder.findMany()` invocation in
/home/runner/workspace/src/utils/database.ts:111:39

  108 }
  109 
  110 public async getExpiredReminders() {
→ 111   return await this.prisma.reminder.findMany(
The table `main.reminders` does not exist in the current database. {
  "code": "P2021",
  "meta": {
    "modelName": "Reminder",
    "table": "main.reminders"
  },
  "clientVersion": "6.14.0",
  "name": "PrismaClientKnownRequestError",
  "stack": "PrismaClientKnownRequestError: \nInvalid `this.prisma.reminder.findMany()` invocation in\n/home/runner/workspace/src/utils/database.ts:111:39\n\n  108 }\n  109 \n  110 public async getExpiredReminders() {\n→ 111   return await this.prisma.reminder.findMany(\nThe table `main.reminders` does not exist in the current database.\n    at ei.handleRequestError (/home/runner/workspace/node_modules/@prisma/client/src/runtime/RequestHandler.ts:228:13)\n    at ei.handleAndLogRequestError (/home/runner/workspace/node_modules/@prisma/client/src/runtime/RequestHandler.ts:174:12)\n    at ei.request (/home/runner/workspace/node_modules/@prisma/client/src/runtime/RequestHandler.ts:143:12)\n    at async a (/home/runner/workspace/node_modules/@prisma/client/src/runtime/getPrismaClient.ts:833:24)\n    at async DatabaseManager.getExpiredReminders (/home/runner/workspace/src/utils/database.ts:111:12)\n    at async checkReminders (/home/runner/workspace/src/services/reminderService.ts:8:30)\n    at async Timeout._onTimeout (/home/runner/workspace/src/events/ready.ts:16:9)"
}
2025-08-20 18:35:25 [ERROR]: Error loading command remind.ts: Cannot find module 'date-fns'
Require stack:
- /home/runner/workspace/src/commands/utility/remind.ts {
  "code": "MODULE_NOT_FOUND",
  "requireStack": [
    "/home/runner/workspace/src/commands/utility/remind.ts"
  ],
  "stack": "Error: Cannot find module 'date-fns'\nRequire stack:\n- /home/runner/workspace/src/commands/utility/remind.ts\n    at Module._resolveFilename (node:internal/modules/cjs/loader:1212:15)\n    at nextResolveSimple (/home/runner/workspace/node_modules/tsx/dist/register-D46fvsV_.cjs:4:1004)\n    at /home/runner/workspace/node_modules/tsx/dist/register-D46fvsV_.cjs:3:2630\n    at /home/runner/workspace/node_modules/tsx/dist/register-D46fvsV_.cjs:3:1542\n    at resolveTsPaths (/home/runner/workspace/node_modules/tsx/dist/register-D46fvsV_.cjs:4:760)\n    at /home/runner/workspace/node_modules/tsx/dist/register-D46fvsV_.cjs:4:1102\n    at m._resolveFilename (file:///home/runner/workspace/node_modules/tsx/dist/register-B7jrtLTO.mjs:1:789)\n    at Module._load (node:internal/modules/cjs/loader:1043:27)\n    at Module.require (node:internal/modules/cjs/loader:1298:19)\n    at require (node:internal/modules/helpers:182:18)"
}
2025-08-20 18:36:25 [ERROR]: Error checking reminders: 
Invalid `this.prisma.reminder.findMany()` invocation in
/home/runner/workspace/src/utils/database.ts:111:39

  108 }
  109 
  110 public async getExpiredReminders() {
→ 111   return await this.prisma.reminder.findMany(
The table `main.reminders` does not exist in the current database. {
  "code": "P2021",
  "meta": {
    "modelName": "Reminder",
    "table": "main.reminders"
  },
  "clientVersion": "6.14.0",
  "name": "PrismaClientKnownRequestError",
  "stack": "PrismaClientKnownRequestError: \nInvalid `this.prisma.reminder.findMany()` invocation in\n/home/runner/workspace/src/utils/database.ts:111:39\n\n  108 }\n  109 \n  110 public async getExpiredReminders() {\n→ 111   return await this.prisma.reminder.findMany(\nThe table `main.reminders` does not exist in the current database.\n    at ei.handleRequestError (/home/runner/workspace/node_modules/@prisma/client/src/runtime/RequestHandler.ts:228:13)\n    at ei.handleAndLogRequestError (/home/runner/workspace/node_modules/@prisma/client/src/runtime/RequestHandler.ts:174:12)\n    at ei.request (/home/runner/workspace/node_modules/@prisma/client/src/runtime/RequestHandler.ts:143:12)\n    at async a (/home/runner/workspace/node_modules/@prisma/client/src/runtime/getPrismaClient.ts:833:24)\n    at async DatabaseManager.getExpiredReminders (/home/runner/workspace/src/utils/database.ts:111:12)\n    at async checkReminders (/home/runner/workspace/src/services/reminderService.ts:8:30)\n    at async Timeout._onTimeout (/home/runner/workspace/src/events/ready.ts:16:9)"
}
2025-08-20 18:37:25 [ERROR]: Error checking reminders: 
Invalid `this.prisma.reminder.findMany()` invocation in
/home/runner/workspace/src/utils/database.ts:111:39

  108 }
  109 
  110 public async getExpiredReminders() {
→ 111   return await this.prisma.reminder.findMany(
The table `main.reminders` does not exist in the current database. {
  "code": "P2021",
  "meta": {
    "modelName": "Reminder",
    "table": "main.reminders"
  },
  "clientVersion": "6.14.0",
  "name": "PrismaClientKnownRequestError",
  "stack": "PrismaClientKnownRequestError: \nInvalid `this.prisma.reminder.findMany()` invocation in\n/home/runner/workspace/src/utils/database.ts:111:39\n\n  108 }\n  109 \n  110 public async getExpiredReminders() {\n→ 111   return await this.prisma.reminder.findMany(\nThe table `main.reminders` does not exist in the current database.\n    at ei.handleRequestError (/home/runner/workspace/node_modules/@prisma/client/src/runtime/RequestHandler.ts:228:13)\n    at ei.handleAndLogRequestError (/home/runner/workspace/node_modules/@prisma/client/src/runtime/RequestHandler.ts:174:12)\n    at ei.request (/home/runner/workspace/node_modules/@prisma/client/src/runtime/RequestHandler.ts:143:12)\n    at async a (/home/runner/workspace/node_modules/@prisma/client/src/runtime/getPrismaClient.ts:833:24)\n    at async DatabaseManager.getExpiredReminders (/home/runner/workspace/src/utils/database.ts:111:12)\n    at async checkReminders (/home/runner/workspace/src/services/reminderService.ts:8:30)\n    at async Timeout._onTimeout (/home/runner/workspace/src/events/ready.ts:16:9)"
}
2025-08-20 18:38:25 [ERROR]: Error checking reminders: 
Invalid `this.prisma.reminder.findMany()` invocation in
/home/runner/workspace/src/utils/database.ts:111:39

  108 }
  109 
  110 public async getExpiredReminders() {
→ 111   return await this.prisma.reminder.findMany(
The table `main.reminders` does not exist in the current database. {
  "code": "P2021",
  "meta": {
    "modelName": "Reminder",
    "table": "main.reminders"
  },
  "clientVersion": "6.14.0",
  "name": "PrismaClientKnownRequestError",
  "stack": "PrismaClientKnownRequestError: \nInvalid `this.prisma.reminder.findMany()` invocation in\n/home/runner/workspace/src/utils/database.ts:111:39\n\n  108 }\n  109 \n  110 public async getExpiredReminders() {\n→ 111   return await this.prisma.reminder.findMany(\nThe table `main.reminders` does not exist in the current database.\n    at ei.handleRequestError (/home/runner/workspace/node_modules/@prisma/client/src/runtime/RequestHandler.ts:228:13)\n    at ei.handleAndLogRequestError (/home/runner/workspace/node_modules/@prisma/client/src/runtime/RequestHandler.ts:174:12)\n    at ei.request (/home/runner/workspace/node_modules/@prisma/client/src/runtime/RequestHandler.ts:143:12)\n    at async a (/home/runner/workspace/node_modules/@prisma/client/src/runtime/getPrismaClient.ts:833:24)\n    at async DatabaseManager.getExpiredReminders (/home/runner/workspace/src/utils/database.ts:111:12)\n    at async checkReminders (/home/runner/workspace/src/services/reminderService.ts:8:30)\n    at async Timeout._onTimeout (/home/runner/workspace/src/events/ready.ts:16:9)"
}
